<?xml version="1.0" encoding="UTF-8"?>
<testsuite xmlns:xsi="http://www.w3.org/2001/XMLSchema-instance" xsi:noNamespaceSchemaLocation="https://maven.apache.org/surefire/maven-surefire-plugin/xsd/surefire-test-report.xsd" name="com.axel.orange.NoraRobotRunner" time="76.693" tests="2" errors="0" skipped="0" failures="1">
  <properties>
    <property name="sun.desktop" value="windows"/>
    <property name="awt.toolkit" value="sun.awt.windows.WToolkit"/>
    <property name="http.proxyHost" value=""/>
    <property name="java.specification.version" value="1.8"/>
    <property name="file.encoding.pkg" value="sun.io"/>
    <property name="webdriver.chrome.driver" value="src/test/resources/drivers/%s/googlechrome/%s/chromedriver.exe"/>
    <property name="sun.cpu.isalist" value="amd64"/>
    <property name="sun.jnu.encoding" value="Cp1252"/>
    <property name="java.class.path" value="C:\Users\axell\Documents\Site web\test\albanque_robot\target\test-classes;C:\Users\axell\Documents\Site web\test\albanque_robot\target\classes;C:\Users\axell\.m2\repository\com\github\noraui\noraui\3.1.3\noraui-3.1.3.jar;C:\Users\axell\.m2\repository\io\cucumber\cucumber-java\2.1.0\cucumber-java-2.1.0.jar;C:\Users\axell\.m2\repository\io\cucumber\cucumber-core\2.1.0\cucumber-core-2.1.0.jar;C:\Users\axell\.m2\repository\info\cukes\cucumber-html\0.2.6\cucumber-html-0.2.6.jar;C:\Users\axell\.m2\repository\io\cucumber\cucumber-jvm-deps\1.0.6\cucumber-jvm-deps-1.0.6.jar;C:\Users\axell\.m2\repository\io\cucumber\gherkin\5.0.0\gherkin-5.0.0.jar;C:\Users\axell\.m2\repository\io\cucumber\tag-expressions\1.0.1\tag-expressions-1.0.1.jar;C:\Users\axell\.m2\repository\io\cucumber\cucumber-junit\2.1.0\cucumber-junit-2.1.0.jar;C:\Users\axell\.m2\repository\com\github\noraui\cucumber-metrics\2.1.0.R2\cucumber-metrics-2.1.0.R2.jar;C:\Users\axell\.m2\repository\io\cucumber\cucumber-guice\2.1.0\cucumber-guice-2.1.0.jar;C:\Users\axell\.m2\repository\com\google\inject\guice\4.0\guice-4.0.jar;C:\Users\axell\.m2\repository\javax\inject\javax.inject\1\javax.inject-1.jar;C:\Users\axell\.m2\repository\aopalliance\aopalliance\1.0\aopalliance-1.0.jar;C:\Users\axell\.m2\repository\org\seleniumhq\selenium\selenium-server\3.5.3\selenium-server-3.5.3.jar;C:\Users\axell\.m2\repository\org\seleniumhq\selenium\selenium-java\3.5.3\selenium-java-3.5.3.jar;C:\Users\axell\.m2\repository\org\seleniumhq\selenium\selenium-api\3.5.3\selenium-api-3.5.3.jar;C:\Users\axell\.m2\repository\org\seleniumhq\selenium\selenium-chrome-driver\3.5.3\selenium-chrome-driver-3.5.3.jar;C:\Users\axell\.m2\repository\org\seleniumhq\selenium\selenium-edge-driver\3.5.3\selenium-edge-driver-3.5.3.jar;C:\Users\axell\.m2\repository\org\seleniumhq\selenium\selenium-firefox-driver\3.5.3\selenium-firefox-driver-3.5.3.jar;C:\Users\axell\.m2\repository\org\seleniumhq\selenium\selenium-opera-driver\3.5.3\selenium-opera-driver-3.5.3.jar;C:\Users\axell\.m2\repository\org\seleniumhq\selenium\selenium-remote-driver\3.5.3\selenium-remote-driver-3.5.3.jar;C:\Users\axell\.m2\repository\org\seleniumhq\selenium\selenium-safari-driver\3.5.3\selenium-safari-driver-3.5.3.jar;C:\Users\axell\.m2\repository\org\seleniumhq\selenium\selenium-support\3.5.3\selenium-support-3.5.3.jar;C:\Users\axell\.m2\repository\com\beust\jcommander\1.48\jcommander-1.48.jar;C:\Users\axell\.m2\repository\cglib\cglib-nodep\3.2.4\cglib-nodep-3.2.4.jar;C:\Users\axell\.m2\repository\org\apache\commons\commons-exec\1.3\commons-exec-1.3.jar;C:\Users\axell\.m2\repository\org\apache\commons\commons-lang3\3.5\commons-lang3-3.5.jar;C:\Users\axell\.m2\repository\commons-codec\commons-codec\1.10\commons-codec-1.10.jar;C:\Users\axell\.m2\repository\commons-io\commons-io\2.5\commons-io-2.5.jar;C:\Users\axell\.m2\repository\commons-logging\commons-logging\1.2\commons-logging-1.2.jar;C:\Users\axell\.m2\repository\org\w3c\css\sac\1.3\sac-1.3.jar;C:\Users\axell\.m2\repository\net\sourceforge\cssparser\cssparser\0.9.23\cssparser-0.9.23.jar;C:\Users\axell\.m2\repository\org\hamcrest\hamcrest-core\1.3\hamcrest-core-1.3.jar;C:\Users\axell\.m2\repository\net\sourceforge\htmlunit\htmlunit-core-js\2.27\htmlunit-core-js-2.27.jar;C:\Users\axell\.m2\repository\net\sourceforge\htmlunit\neko-htmlunit\2.27\neko-htmlunit-2.27.jar;C:\Users\axell\.m2\repository\org\apache\httpcomponents\httpclient\4.5.3\httpclient-4.5.3.jar;C:\Users\axell\.m2\repository\org\apache\httpcomponents\httpcore\4.4.6\httpcore-4.4.6.jar;C:\Users\axell\.m2\repository\org\apache\httpcomponents\httpmime\4.5.3\httpmime-4.5.3.jar;C:\Users\axell\.m2\repository\net\jcip\jcip-annotations\1.0\jcip-annotations-1.0.jar;C:\Users\axell\.m2\repository\org\seleniumhq\selenium\jetty-repacked\9.4.5.v20170502\jetty-repacked-9.4.5.v20170502.jar;C:\Users\axell\.m2\repository\org\eclipse\jetty\jetty-client\9.4.5.v20170502\jetty-client-9.4.5.v20170502.jar;C:\Users\axell\.m2\repository\org\eclipse\jetty\jetty-http\9.4.5.v20170502\jetty-http-9.4.5.v20170502.jar;C:\Users\axell\.m2\repository\org\eclipse\jetty\jetty-io\9.4.5.v20170502\jetty-io-9.4.5.v20170502.jar;C:\Users\axell\.m2\repository\org\eclipse\jetty\jetty-util\9.4.5.v20170502\jetty-util-9.4.5.v20170502.jar;C:\Users\axell\.m2\repository\net\java\dev\jna\jna\4.1.0\jna-4.1.0.jar;C:\Users\axell\.m2\repository\net\java\dev\jna\jna-platform\4.1.0\jna-platform-4.1.0.jar;C:\Users\axell\.m2\repository\javax\servlet\javax.servlet-api\3.1.0\javax.servlet-api-3.1.0.jar;C:\Users\axell\.m2\repository\org\eclipse\jetty\websocket\websocket-api\9.4.5.v20170502\websocket-api-9.4.5.v20170502.jar;C:\Users\axell\.m2\repository\org\eclipse\jetty\websocket\websocket-client\9.4.5.v20170502\websocket-client-9.4.5.v20170502.jar;C:\Users\axell\.m2\repository\org\eclipse\jetty\websocket\websocket-common\9.4.5.v20170502\websocket-common-9.4.5.v20170502.jar;C:\Users\axell\.m2\repository\xalan\serializer\2.7.2\serializer-2.7.2.jar;C:\Users\axell\.m2\repository\xalan\xalan\2.7.2\xalan-2.7.2.jar;C:\Users\axell\.m2\repository\xerces\xercesImpl\2.11.0\xercesImpl-2.11.0.jar;C:\Users\axell\.m2\repository\xml-apis\xml-apis\1.4.01\xml-apis-1.4.01.jar;C:\Users\axell\.m2\repository\org\yaml\snakeyaml\1.15\snakeyaml-1.15.jar;C:\Users\axell\.m2\repository\org\seleniumhq\selenium\selenium-ie-driver\3.5.3\selenium-ie-driver-3.5.3.jar;C:\Users\axell\.m2\repository\com\codeborne\phantomjsdriver\1.4.3\phantomjsdriver-1.4.3.jar;C:\Users\axell\.m2\repository\net\sourceforge\htmlunit\htmlunit\2.27\htmlunit-2.27.jar;C:\Users\axell\.m2\repository\org\seleniumhq\selenium\htmlunit-driver\2.27\htmlunit-driver-2.27.jar;C:\Users\axell\.m2\repository\com\google\code\gson\gson\2.8.2\gson-2.8.2.jar;C:\Users\axell\.m2\repository\junit\junit\4.12\junit-4.12.jar;C:\Users\axell\.m2\repository\org\ini4j\ini4j\0.5.4\ini4j-0.5.4.jar;C:\Users\axell\.m2\repository\org\apache\poi\poi-ooxml\3.17\poi-ooxml-3.17.jar;C:\Users\axell\.m2\repository\org\apache\poi\poi\3.17\poi-3.17.jar;C:\Users\axell\.m2\repository\org\apache\commons\commons-collections4\4.1\commons-collections4-4.1.jar;C:\Users\axell\.m2\repository\org\apache\poi\poi-ooxml-schemas\3.17\poi-ooxml-schemas-3.17.jar;C:\Users\axell\.m2\repository\org\apache\xmlbeans\xmlbeans\2.6.0\xmlbeans-2.6.0.jar;C:\Users\axell\.m2\repository\stax\stax-api\1.0.1\stax-api-1.0.1.jar;C:\Users\axell\.m2\repository\com\github\virtuald\curvesapi\1.04\curvesapi-1.04.jar;C:\Users\axell\.m2\repository\com\opencsv\opencsv\4.0\opencsv-4.0.jar;C:\Users\axell\.m2\repository\org\apache\commons\commons-text\1.1\commons-text-1.1.jar;C:\Users\axell\.m2\repository\commons-beanutils\commons-beanutils\1.9.3\commons-beanutils-1.9.3.jar;C:\Users\axell\.m2\repository\commons-collections\commons-collections\3.2.2\commons-collections-3.2.2.jar;C:\Users\axell\.m2\repository\com\github\mifmif\generex\1.0.2\generex-1.0.2.jar;C:\Users\axell\.m2\repository\dk\brics\automaton\automaton\1.11-8\automaton-1.11-8.jar;C:\Users\axell\.m2\repository\org\springframework\spring-web\5.0.0.RELEASE\spring-web-5.0.0.RELEASE.jar;C:\Users\axell\.m2\repository\org\springframework\spring-beans\5.0.0.RELEASE\spring-beans-5.0.0.RELEASE.jar;C:\Users\axell\.m2\repository\org\springframework\spring-core\5.0.0.RELEASE\spring-core-5.0.0.RELEASE.jar;C:\Users\axell\.m2\repository\org\springframework\spring-jcl\5.0.0.RELEASE\spring-jcl-5.0.0.RELEASE.jar;C:\Users\axell\.m2\repository\com\sun\mail\javax.mail\1.6.0\javax.mail-1.6.0.jar;C:\Users\axell\.m2\repository\javax\activation\activation\1.1\activation-1.1.jar;C:\Users\axell\.m2\repository\org\jsoup\jsoup\1.11.2\jsoup-1.11.2.jar;C:\Users\axell\.m2\repository\com\github\stephenc\monte\monte-screen-recorder\0.7.7.0\monte-screen-recorder-0.7.7.0.jar;C:\Users\axell\.m2\repository\org\powermock\powermock-api-mockito\1.7.3\powermock-api-mockito-1.7.3.jar;C:\Users\axell\.m2\repository\org\powermock\powermock-api-mockito-common\1.7.3\powermock-api-mockito-common-1.7.3.jar;C:\Users\axell\.m2\repository\org\powermock\powermock-api-support\1.7.3\powermock-api-support-1.7.3.jar;C:\Users\axell\.m2\repository\org\mockito\mockito-core\1.10.19\mockito-core-1.10.19.jar;C:\Users\axell\.m2\repository\org\objenesis\objenesis\2.1\objenesis-2.1.jar;C:\Users\axell\.m2\repository\org\powermock\powermock-module-junit4\1.7.3\powermock-module-junit4-1.7.3.jar;C:\Users\axell\.m2\repository\org\powermock\powermock-module-junit4-common\1.7.3\powermock-module-junit4-common-1.7.3.jar;C:\Users\axell\.m2\repository\org\powermock\powermock-reflect\1.7.3\powermock-reflect-1.7.3.jar;C:\Users\axell\.m2\repository\org\powermock\powermock-core\1.7.3\powermock-core-1.7.3.jar;C:\Users\axell\.m2\repository\com\google\code\findbugs\jsr305\3.0.2\jsr305-3.0.2.jar;C:\Users\axell\.m2\repository\joda-time\joda-time\2.9.9\joda-time-2.9.9.jar;C:\Users\axell\.m2\repository\com\google\guava\guava\23.0\guava-23.0.jar;C:\Users\axell\.m2\repository\org\codehaus\mojo\animal-sniffer-annotations\1.14\animal-sniffer-annotations-1.14.jar;C:\Users\axell\.m2\repository\com\google\errorprone\error_prone_annotations\2.1.1\error_prone_annotations-2.1.1.jar;C:\Users\axell\.m2\repository\com\google\j2objc\j2objc-annotations\1.3\j2objc-annotations-1.3.jar;C:\Users\axell\.m2\repository\ch\qos\logback\logback-core\1.2.3\logback-core-1.2.3.jar;C:\Users\axell\.m2\repository\ch\qos\logback\logback-classic\1.2.3\logback-classic-1.2.3.jar;C:\Users\axell\.m2\repository\org\slf4j\slf4j-api\1.7.25\slf4j-api-1.7.25.jar;C:\Users\axell\.m2\repository\org\slf4j\slf4j-simple\1.7.25\slf4j-simple-1.7.25.jar;C:\Users\axell\.m2\repository\org\javassist\javassist\3.22.0-CR2\javassist-3.22.0-CR2.jar;C:\Users\axell\.m2\repository\org\reflections\reflections\0.9.11\reflections-0.9.11.jar;"/>
    <property name="java.vm.vendor" value="Oracle Corporation"/>
    <property name="sun.arch.data.model" value="64"/>
    <property name="webdriver.ie.driver" value="src/test/resources/drivers/%s/internetexplorer/%s/IEDriverServer%s"/>
    <property name="user.variant" value=""/>
    <property name="password" value=""/>
    <property name="java.vendor.url" value="http://java.oracle.com/"/>
    <property name="user.timezone" value=""/>
    <property name="os.name" value="Windows 10"/>
    <property name="java.vm.specification.version" value="1.8"/>
    <property name="sun.java.launcher" value="SUN_STANDARD"/>
    <property name="user.country" value="FR"/>
    <property name="sun.boot.library.path" value="C:\Program Files\Java\jdk1.8.0_211\jre\bin"/>
    <property name="sun.java.command" value="C:\Users\axell\AppData\Local\Temp\surefire300915586359109186\surefirebooter2747072069709317265.jar C:\Users\axell\AppData\Local\Temp\surefire300915586359109186 2019-06-21T10-06-24_896-jvmRun1 surefire5497831331297763315tmp surefire_07780123986210808212tmp"/>
    <property name="Time.annotation.enable" value="false"/>
    <property name="cookie" value=""/>
    <property name="surefire.test.class.path" value="C:\Users\axell\Documents\Site web\test\albanque_robot\target\test-classes;C:\Users\axell\Documents\Site web\test\albanque_robot\target\classes;C:\Users\axell\.m2\repository\com\github\noraui\noraui\3.1.3\noraui-3.1.3.jar;C:\Users\axell\.m2\repository\io\cucumber\cucumber-java\2.1.0\cucumber-java-2.1.0.jar;C:\Users\axell\.m2\repository\io\cucumber\cucumber-core\2.1.0\cucumber-core-2.1.0.jar;C:\Users\axell\.m2\repository\info\cukes\cucumber-html\0.2.6\cucumber-html-0.2.6.jar;C:\Users\axell\.m2\repository\io\cucumber\cucumber-jvm-deps\1.0.6\cucumber-jvm-deps-1.0.6.jar;C:\Users\axell\.m2\repository\io\cucumber\gherkin\5.0.0\gherkin-5.0.0.jar;C:\Users\axell\.m2\repository\io\cucumber\tag-expressions\1.0.1\tag-expressions-1.0.1.jar;C:\Users\axell\.m2\repository\io\cucumber\cucumber-junit\2.1.0\cucumber-junit-2.1.0.jar;C:\Users\axell\.m2\repository\com\github\noraui\cucumber-metrics\2.1.0.R2\cucumber-metrics-2.1.0.R2.jar;C:\Users\axell\.m2\repository\io\cucumber\cucumber-guice\2.1.0\cucumber-guice-2.1.0.jar;C:\Users\axell\.m2\repository\com\google\inject\guice\4.0\guice-4.0.jar;C:\Users\axell\.m2\repository\javax\inject\javax.inject\1\javax.inject-1.jar;C:\Users\axell\.m2\repository\aopalliance\aopalliance\1.0\aopalliance-1.0.jar;C:\Users\axell\.m2\repository\org\seleniumhq\selenium\selenium-server\3.5.3\selenium-server-3.5.3.jar;C:\Users\axell\.m2\repository\org\seleniumhq\selenium\selenium-java\3.5.3\selenium-java-3.5.3.jar;C:\Users\axell\.m2\repository\org\seleniumhq\selenium\selenium-api\3.5.3\selenium-api-3.5.3.jar;C:\Users\axell\.m2\repository\org\seleniumhq\selenium\selenium-chrome-driver\3.5.3\selenium-chrome-driver-3.5.3.jar;C:\Users\axell\.m2\repository\org\seleniumhq\selenium\selenium-edge-driver\3.5.3\selenium-edge-driver-3.5.3.jar;C:\Users\axell\.m2\repository\org\seleniumhq\selenium\selenium-firefox-driver\3.5.3\selenium-firefox-driver-3.5.3.jar;C:\Users\axell\.m2\repository\org\seleniumhq\selenium\selenium-opera-driver\3.5.3\selenium-opera-driver-3.5.3.jar;C:\Users\axell\.m2\repository\org\seleniumhq\selenium\selenium-remote-driver\3.5.3\selenium-remote-driver-3.5.3.jar;C:\Users\axell\.m2\repository\org\seleniumhq\selenium\selenium-safari-driver\3.5.3\selenium-safari-driver-3.5.3.jar;C:\Users\axell\.m2\repository\org\seleniumhq\selenium\selenium-support\3.5.3\selenium-support-3.5.3.jar;C:\Users\axell\.m2\repository\com\beust\jcommander\1.48\jcommander-1.48.jar;C:\Users\axell\.m2\repository\cglib\cglib-nodep\3.2.4\cglib-nodep-3.2.4.jar;C:\Users\axell\.m2\repository\org\apache\commons\commons-exec\1.3\commons-exec-1.3.jar;C:\Users\axell\.m2\repository\org\apache\commons\commons-lang3\3.5\commons-lang3-3.5.jar;C:\Users\axell\.m2\repository\commons-codec\commons-codec\1.10\commons-codec-1.10.jar;C:\Users\axell\.m2\repository\commons-io\commons-io\2.5\commons-io-2.5.jar;C:\Users\axell\.m2\repository\commons-logging\commons-logging\1.2\commons-logging-1.2.jar;C:\Users\axell\.m2\repository\org\w3c\css\sac\1.3\sac-1.3.jar;C:\Users\axell\.m2\repository\net\sourceforge\cssparser\cssparser\0.9.23\cssparser-0.9.23.jar;C:\Users\axell\.m2\repository\org\hamcrest\hamcrest-core\1.3\hamcrest-core-1.3.jar;C:\Users\axell\.m2\repository\net\sourceforge\htmlunit\htmlunit-core-js\2.27\htmlunit-core-js-2.27.jar;C:\Users\axell\.m2\repository\net\sourceforge\htmlunit\neko-htmlunit\2.27\neko-htmlunit-2.27.jar;C:\Users\axell\.m2\repository\org\apache\httpcomponents\httpclient\4.5.3\httpclient-4.5.3.jar;C:\Users\axell\.m2\repository\org\apache\httpcomponents\httpcore\4.4.6\httpcore-4.4.6.jar;C:\Users\axell\.m2\repository\org\apache\httpcomponents\httpmime\4.5.3\httpmime-4.5.3.jar;C:\Users\axell\.m2\repository\net\jcip\jcip-annotations\1.0\jcip-annotations-1.0.jar;C:\Users\axell\.m2\repository\org\seleniumhq\selenium\jetty-repacked\9.4.5.v20170502\jetty-repacked-9.4.5.v20170502.jar;C:\Users\axell\.m2\repository\org\eclipse\jetty\jetty-client\9.4.5.v20170502\jetty-client-9.4.5.v20170502.jar;C:\Users\axell\.m2\repository\org\eclipse\jetty\jetty-http\9.4.5.v20170502\jetty-http-9.4.5.v20170502.jar;C:\Users\axell\.m2\repository\org\eclipse\jetty\jetty-io\9.4.5.v20170502\jetty-io-9.4.5.v20170502.jar;C:\Users\axell\.m2\repository\org\eclipse\jetty\jetty-util\9.4.5.v20170502\jetty-util-9.4.5.v20170502.jar;C:\Users\axell\.m2\repository\net\java\dev\jna\jna\4.1.0\jna-4.1.0.jar;C:\Users\axell\.m2\repository\net\java\dev\jna\jna-platform\4.1.0\jna-platform-4.1.0.jar;C:\Users\axell\.m2\repository\javax\servlet\javax.servlet-api\3.1.0\javax.servlet-api-3.1.0.jar;C:\Users\axell\.m2\repository\org\eclipse\jetty\websocket\websocket-api\9.4.5.v20170502\websocket-api-9.4.5.v20170502.jar;C:\Users\axell\.m2\repository\org\eclipse\jetty\websocket\websocket-client\9.4.5.v20170502\websocket-client-9.4.5.v20170502.jar;C:\Users\axell\.m2\repository\org\eclipse\jetty\websocket\websocket-common\9.4.5.v20170502\websocket-common-9.4.5.v20170502.jar;C:\Users\axell\.m2\repository\xalan\serializer\2.7.2\serializer-2.7.2.jar;C:\Users\axell\.m2\repository\xalan\xalan\2.7.2\xalan-2.7.2.jar;C:\Users\axell\.m2\repository\xerces\xercesImpl\2.11.0\xercesImpl-2.11.0.jar;C:\Users\axell\.m2\repository\xml-apis\xml-apis\1.4.01\xml-apis-1.4.01.jar;C:\Users\axell\.m2\repository\org\yaml\snakeyaml\1.15\snakeyaml-1.15.jar;C:\Users\axell\.m2\repository\org\seleniumhq\selenium\selenium-ie-driver\3.5.3\selenium-ie-driver-3.5.3.jar;C:\Users\axell\.m2\repository\com\codeborne\phantomjsdriver\1.4.3\phantomjsdriver-1.4.3.jar;C:\Users\axell\.m2\repository\net\sourceforge\htmlunit\htmlunit\2.27\htmlunit-2.27.jar;C:\Users\axell\.m2\repository\org\seleniumhq\selenium\htmlunit-driver\2.27\htmlunit-driver-2.27.jar;C:\Users\axell\.m2\repository\com\google\code\gson\gson\2.8.2\gson-2.8.2.jar;C:\Users\axell\.m2\repository\junit\junit\4.12\junit-4.12.jar;C:\Users\axell\.m2\repository\org\ini4j\ini4j\0.5.4\ini4j-0.5.4.jar;C:\Users\axell\.m2\repository\org\apache\poi\poi-ooxml\3.17\poi-ooxml-3.17.jar;C:\Users\axell\.m2\repository\org\apache\poi\poi\3.17\poi-3.17.jar;C:\Users\axell\.m2\repository\org\apache\commons\commons-collections4\4.1\commons-collections4-4.1.jar;C:\Users\axell\.m2\repository\org\apache\poi\poi-ooxml-schemas\3.17\poi-ooxml-schemas-3.17.jar;C:\Users\axell\.m2\repository\org\apache\xmlbeans\xmlbeans\2.6.0\xmlbeans-2.6.0.jar;C:\Users\axell\.m2\repository\stax\stax-api\1.0.1\stax-api-1.0.1.jar;C:\Users\axell\.m2\repository\com\github\virtuald\curvesapi\1.04\curvesapi-1.04.jar;C:\Users\axell\.m2\repository\com\opencsv\opencsv\4.0\opencsv-4.0.jar;C:\Users\axell\.m2\repository\org\apache\commons\commons-text\1.1\commons-text-1.1.jar;C:\Users\axell\.m2\repository\commons-beanutils\commons-beanutils\1.9.3\commons-beanutils-1.9.3.jar;C:\Users\axell\.m2\repository\commons-collections\commons-collections\3.2.2\commons-collections-3.2.2.jar;C:\Users\axell\.m2\repository\com\github\mifmif\generex\1.0.2\generex-1.0.2.jar;C:\Users\axell\.m2\repository\dk\brics\automaton\automaton\1.11-8\automaton-1.11-8.jar;C:\Users\axell\.m2\repository\org\springframework\spring-web\5.0.0.RELEASE\spring-web-5.0.0.RELEASE.jar;C:\Users\axell\.m2\repository\org\springframework\spring-beans\5.0.0.RELEASE\spring-beans-5.0.0.RELEASE.jar;C:\Users\axell\.m2\repository\org\springframework\spring-core\5.0.0.RELEASE\spring-core-5.0.0.RELEASE.jar;C:\Users\axell\.m2\repository\org\springframework\spring-jcl\5.0.0.RELEASE\spring-jcl-5.0.0.RELEASE.jar;C:\Users\axell\.m2\repository\com\sun\mail\javax.mail\1.6.0\javax.mail-1.6.0.jar;C:\Users\axell\.m2\repository\javax\activation\activation\1.1\activation-1.1.jar;C:\Users\axell\.m2\repository\org\jsoup\jsoup\1.11.2\jsoup-1.11.2.jar;C:\Users\axell\.m2\repository\com\github\stephenc\monte\monte-screen-recorder\0.7.7.0\monte-screen-recorder-0.7.7.0.jar;C:\Users\axell\.m2\repository\org\powermock\powermock-api-mockito\1.7.3\powermock-api-mockito-1.7.3.jar;C:\Users\axell\.m2\repository\org\powermock\powermock-api-mockito-common\1.7.3\powermock-api-mockito-common-1.7.3.jar;C:\Users\axell\.m2\repository\org\powermock\powermock-api-support\1.7.3\powermock-api-support-1.7.3.jar;C:\Users\axell\.m2\repository\org\mockito\mockito-core\1.10.19\mockito-core-1.10.19.jar;C:\Users\axell\.m2\repository\org\objenesis\objenesis\2.1\objenesis-2.1.jar;C:\Users\axell\.m2\repository\org\powermock\powermock-module-junit4\1.7.3\powermock-module-junit4-1.7.3.jar;C:\Users\axell\.m2\repository\org\powermock\powermock-module-junit4-common\1.7.3\powermock-module-junit4-common-1.7.3.jar;C:\Users\axell\.m2\repository\org\powermock\powermock-reflect\1.7.3\powermock-reflect-1.7.3.jar;C:\Users\axell\.m2\repository\org\powermock\powermock-core\1.7.3\powermock-core-1.7.3.jar;C:\Users\axell\.m2\repository\com\google\code\findbugs\jsr305\3.0.2\jsr305-3.0.2.jar;C:\Users\axell\.m2\repository\joda-time\joda-time\2.9.9\joda-time-2.9.9.jar;C:\Users\axell\.m2\repository\com\google\guava\guava\23.0\guava-23.0.jar;C:\Users\axell\.m2\repository\org\codehaus\mojo\animal-sniffer-annotations\1.14\animal-sniffer-annotations-1.14.jar;C:\Users\axell\.m2\repository\com\google\errorprone\error_prone_annotations\2.1.1\error_prone_annotations-2.1.1.jar;C:\Users\axell\.m2\repository\com\google\j2objc\j2objc-annotations\1.3\j2objc-annotations-1.3.jar;C:\Users\axell\.m2\repository\ch\qos\logback\logback-core\1.2.3\logback-core-1.2.3.jar;C:\Users\axell\.m2\repository\ch\qos\logback\logback-classic\1.2.3\logback-classic-1.2.3.jar;C:\Users\axell\.m2\repository\org\slf4j\slf4j-api\1.7.25\slf4j-api-1.7.25.jar;C:\Users\axell\.m2\repository\org\slf4j\slf4j-simple\1.7.25\slf4j-simple-1.7.25.jar;C:\Users\axell\.m2\repository\org\javassist\javassist\3.22.0-CR2\javassist-3.22.0-CR2.jar;C:\Users\axell\.m2\repository\org\reflections\reflections\0.9.11\reflections-0.9.11.jar;"/>
    <property name="sun.cpu.endian" value="little"/>
    <property name="user.home" value="C:\Users\axell"/>
    <property name="SpeedRegulators.annotation.enable" value="false"/>
    <property name="user.language" value="fr"/>
    <property name="java.specification.vendor" value="Oracle Corporation"/>
    <property name="java.home" value="C:\Program Files\Java\jdk1.8.0_211\jre"/>
    <property name="file.separator" value="\"/>
    <property name="basedir" value="C:\Users\axell\Documents\Site web\test\albanque_robot"/>
    <property name="resourcespath" value="src/test/resources"/>
    <property name="line.separator" value="&#10;"/>
    <property name="java.vm.specification.vendor" value="Oracle Corporation"/>
    <property name="java.specification.name" value="Java Platform API Specification"/>
    <property name="java.awt.graphicsenv" value="sun.awt.Win32GraphicsEnvironment"/>
    <property name="surefire.real.class.path" value="C:\Users\axell\AppData\Local\Temp\surefire300915586359109186\surefirebooter2747072069709317265.jar"/>
    <property name="sun.boot.class.path" value="C:\Program Files\Java\jdk1.8.0_211\jre\lib\resources.jar;C:\Program Files\Java\jdk1.8.0_211\jre\lib\rt.jar;C:\Program Files\Java\jdk1.8.0_211\jre\lib\sunrsasign.jar;C:\Program Files\Java\jdk1.8.0_211\jre\lib\jsse.jar;C:\Program Files\Java\jdk1.8.0_211\jre\lib\jce.jar;C:\Program Files\Java\jdk1.8.0_211\jre\lib\charsets.jar;C:\Program Files\Java\jdk1.8.0_211\jre\lib\jfr.jar;C:\Program Files\Java\jdk1.8.0_211\jre\classes"/>
    <property name="user.script" value=""/>
    <property name="sun.management.compiler" value="HotSpot 64-Bit Tiered Compilers"/>
    <property name="java.runtime.version" value="1.8.0_211-b12"/>
    <property name="user.name" value="axell"/>
    <property name="path.separator" value=";"/>
    <property name="os.version" value="10.0"/>
    <property name="java.endorsed.dirs" value="C:\Program Files\Java\jdk1.8.0_211\jre\lib\endorsed"/>
    <property name="java.runtime.name" value="Java(TM) SE Runtime Environment"/>
    <property name="uid" value=""/>
    <property name="file.encoding" value="UTF-8"/>
    <property name="phantomjs.binary.path" value="src/test/resources/drivers/%s/phantomjs/%s/phantomjs%s"/>
    <property name="SpeedRegulator.annotation.enable" value="false"/>
    <property name="java.vm.name" value="Java HotSpot(TM) 64-Bit Server VM"/>
    <property name="localRepository" value="C:\Users\axell\.m2\repository"/>
    <property name="cucumber.options" value="--tags &apos;@LoginLogout&apos;"/>
    <property name="java.vendor.url.bug" value="http://bugreport.sun.com/bugreport/"/>
    <property name="java.io.tmpdir" value="C:\Users\axell\AppData\Local\Temp\"/>
    <property name="java.version" value="1.8.0_211"/>
    <property name="user.dir" value="C:\Users\axell\Documents\Site web\test\albanque_robot"/>
    <property name="os.arch" value="amd64"/>
    <property name="java.vm.specification.name" value="Java Virtual Machine Specification"/>
    <property name="java.awt.printerjob" value="sun.awt.windows.WPrinterJob"/>
    <property name="sun.os.patch.level" value=""/>
    <property name="java.library.path" value="C:\Program Files\Java\jdk1.8.0_211\jre\bin;C:\WINDOWS\Sun\Java\bin;C:\WINDOWS\system32;C:\WINDOWS;C:/Program Files/Java/jre1.8.0_211/bin/server;C:/Program Files/Java/jre1.8.0_211/bin;C:/Program Files/Java/jre1.8.0_211/lib/amd64;C:\Program Files (x86)\Common Files\Oracle\Java\javapath;C:\Program Files (x86)\Intel\iCLS Client\;C:\Program Files\Intel\iCLS Client\;C:\WINDOWS\system32;C:\WINDOWS;C:\WINDOWS\System32\Wbem;C:\WINDOWS\System32\WindowsPowerShell\v1.0\;C:\Program Files (x86)\Intel\Intel(R) Management Engine Components\DAL;C:\Program Files\Intel\Intel(R) Management Engine Components\DAL;C:\Program Files (x86)\Intel\Intel(R) Management Engine Components\IPT;C:\Program Files\Intel\Intel(R) Management Engine Components\IPT;C:\WINDOWS\System32\OpenSSH\;%MAVEN_HOME%\bin;%JAVA_HOME%\bin;C:\Users\axell\AppData\Local\Microsoft\WindowsApps;;C:\Users\axell\OneDrive\Desktop;;."/>
    <property name="java.vendor" value="Oracle Corporation"/>
    <property name="java.vm.info" value="mixed mode"/>
    <property name="java.vm.version" value="25.211-b12"/>
    <property name="sun.io.unicode.encoding" value="UnicodeLittle"/>
    <property name="java.ext.dirs" value="C:\Program Files\Java\jdk1.8.0_211\jre\lib\ext;C:\WINDOWS\Sun\Java\lib\ext"/>
    <property name="java.class.version" value="52.0"/>
    <property name="maven.test.failure.ignore" value="true"/>
    <property name="Times.annotation.enable" value="false"/>
    <property name="http.proxyPort" value=""/>
  </properties>
  <testcase name="Scenario that 1st sample.(LoginLogout " classname="Scenario that 1st sample.)" time="52.327"/>
  <testcase name="Scenario that 1st sample.(LoginLogout " classname="Scenario that 1st sample.)" time="21.973">
    <failure message="Fail: /!\ Unable to authenticate with provided credentials. /!\ [albanque]" type="java.lang.AssertionError">java.lang.AssertionError: Fail: /!\ Unable to authenticate with provided credentials. /!\ [albanque]
</failure>
    <system-out><![CDATA[[2019-06-21 10:07:19]: Result set to Success by default [LoginLogout]
[2019-06-21 10:07:19]: > Given I check that user 'toto' is not empty
[2019-06-21 10:07:19]: > Given I check that password 'test' is not empty
[2019-06-21 10:07:19]: > Given 'ALBANQUE_HOME' is opened
[2019-06-21 10:07:19]: > Then The ALBANQUE home page is displayed
[2019-06-21 10:07:19]: > When I log in to ALBANQUE as 'toto' 'test'
[2019-06-21 10:07:20]: > Then The ALBANQUE portal is displayed with 'toto'
[2019-06-21 10:07:41]: ***************************************************************************************
[2019-06-21 10:07:41]: *                                                                                     *
[2019-06-21 10:07:41]: *  Scenario: [@LoginLogout] step 2 of 2 with 1 error(s) and 0 alert(s). 0s remaining  *
[2019-06-21 10:07:41]: *                                                                                     *
[2019-06-21 10:07:41]: ***************************************************************************************
]]></system-out>
  </testcase>
</testsuite>